app/build/intermediates/manifest_merge_blame_file/debug/manifest-merger-blame-debug-report.txt
1<?xml version="1.0" encoding="utf-8"?>
2<manifest xmlns:android="http://schemas.android.com/apk/res/android"
3    package="com.example.omapp"
4    android:versionCode="1"
5    android:versionName="1.0" >
6
7    <uses-sdk
8        android:minSdkVersion="21"
8-->src/main/AndroidManifest.xml
9        android:targetSdkVersion="31" />
9-->src/main/AndroidManifest.xml
10
11    <application
11-->src/main/AndroidManifest.xml:5:5-23:19
12        android:allowBackup="true"
12-->src/main/AndroidManifest.xml:6:9-35
13        android:appComponentFactory="androidx.core.app.CoreComponentFactory"
13-->[androidx.core:core:1.7.0] AndroidManifest.xml:24:18-86
14        android:debuggable="true"
15        android:icon="@mipmap/ic_launcher"
15-->src/main/AndroidManifest.xml:7:9-43
16        android:label="@string/app_name"
16-->src/main/AndroidManifest.xml:8:9-41
17        android:roundIcon="@mipmap/ic_launcher_round"
17-->src/main/AndroidManifest.xml:9:9-54
18        android:supportsRtl="true"
18-->src/main/AndroidManifest.xml:10:9-35
19        android:theme="@style/Theme.OMApp" >
19-->src/main/AndroidManifest.xml:11:9-43
20        <activity
20-->src/main/AndroidManifest.xml:12:9-22:20
21            android:name="com.example.omapp.MainActivity"
21-->src/main/AndroidManifest.xml:13:13-41
22            android:exported="true"
22-->src/main/AndroidManifest.xml:14:13-36
23            android:label="@string/app_name"
23-->src/main/AndroidManifest.xml:15:13-45
24            android:theme="@style/Theme.OMApp.NoActionBar" >
24-->src/main/AndroidManifest.xml:16:13-59
25            <intent-filter>
25-->src/main/AndroidManifest.xml:17:13-21:29
26                <action android:name="android.intent.action.MAIN" />
26-->src/main/AndroidManifest.xml:18:17-69
26-->src/main/AndroidManifest.xml:18:25-66
27
28                <category android:name="android.intent.category.LAUNCHER" />
28-->src/main/AndroidManifest.xml:20:17-77
28-->src/main/AndroidManifest.xml:20:27-74
29            </intent-filter>
30        </activity>
31
32        <uses-library
32-->[androidx.window:window:1.0.0] AndroidManifest.xml:25:9-27:40
33            android:name="androidx.window.extensions"
33-->[androidx.window:window:1.0.0] AndroidManifest.xml:26:13-54
34            android:required="false" />
34-->[androidx.window:window:1.0.0] AndroidManifest.xml:27:13-37
35        <uses-library
35-->[androidx.window:window:1.0.0] AndroidManifest.xml:28:9-30:40
36            android:name="androidx.window.sidecar"
36-->[androidx.window:window:1.0.0] AndroidManifest.xml:29:13-51
37            android:required="false" />
37-->[androidx.window:window:1.0.0] AndroidManifest.xml:30:13-37
38
39        <provider
39-->[androidx.emoji2:emoji2:1.0.0] AndroidManifest.xml:26:9-34:20
40            android:name="androidx.startup.InitializationProvider"
40-->[androidx.emoji2:emoji2:1.0.0] AndroidManifest.xml:27:13-67
41            android:authorities="com.example.omapp.androidx-startup"
41-->[androidx.emoji2:emoji2:1.0.0] AndroidManifest.xml:28:13-68
42            android:exported="false" >
42-->[androidx.emoji2:emoji2:1.0.0] AndroidManifest.xml:29:13-37
43            <meta-data
43-->[androidx.emoji2:emoji2:1.0.0] AndroidManifest.xml:31:13-33:52
44                android:name="androidx.emoji2.text.EmojiCompatInitializer"
44-->[androidx.emoji2:emoji2:1.0.0] AndroidManifest.xml:32:17-75
45                android:value="androidx.startup" />
45-->[androidx.emoji2:emoji2:1.0.0] AndroidManifest.xml:33:17-49
46            <meta-data
46-->[androidx.lifecycle:lifecycle-process:2.4.0] AndroidManifest.xml:31:13-33:52
47                android:name="androidx.lifecycle.ProcessLifecycleInitializer"
47-->[androidx.lifecycle:lifecycle-process:2.4.0] AndroidManifest.xml:32:17-78
48                android:value="androidx.startup" />
48-->[androidx.lifecycle:lifecycle-process:2.4.0] AndroidManifest.xml:33:17-49
49        </provider>
50    </application>
51
52</manifest>